Copyright 1986-2021 Xilinx, Inc. All Rights Reserved.
------------------------------------------------------------------------------------------------------------------------------------------------------------------------------
| Tool Version : Vivado v.2021.2 (lin64) Build 3367213 Tue Oct 19 02:47:39 MDT 2021
| Date         : Thu May  5 21:56:27 2022
| Host         : jeffb-lenovo-laptop running 64-bit Ubuntu 20.04.4 LTS
| Command      : report_drc -file oled_switches_design_wrapper_drc_routed.rpt -pb oled_switches_design_wrapper_drc_routed.pb -rpx oled_switches_design_wrapper_drc_routed.rpx
| Design       : oled_switches_design_wrapper
| Device       : xc7z010clg400-1
| Speed File   : -1
| Design State : Fully Routed
------------------------------------------------------------------------------------------------------------------------------------------------------------------------------

Report DRC

Table of Contents
-----------------
1. REPORT SUMMARY
2. REPORT DETAILS

1. REPORT SUMMARY
-----------------
            Netlist: netlist
          Floorplan: design_1
      Design limits: <entire design considered>
           Ruledeck: default
             Max violations: <unlimited>
             Violations found: 2
+--------+----------+--------------------------+------------+
| Rule   | Severity | Description              | Violations |
+--------+----------+--------------------------+------------+
| BUFC-1 | Warning  | Input Buffer Connections | 2          |
+--------+----------+--------------------------+------------+

2. REPORT DETAILS
-----------------
BUFC-1#1 Warning
Input Buffer Connections  
Input buffer oled_out_pin1_iobuf/IBUF (in oled_out_pin1_iobuf macro) has no loads. It is recommended to have an input buffer drive an internal load.
Related violations: <none>

BUFC-1#2 Warning
Input Buffer Connections  
Input buffer oled_out_pin4_iobuf/IBUF (in oled_out_pin4_iobuf macro) has no loads. It is recommended to have an input buffer drive an internal load.
Related violations: <none>


